[Fri Apr  1 11:52:53.574 2011] 0.000 sec [all/2/rel 0 (0,20)] [video_core] dsds
[Fri Apr  1 11:53:22.580 2011] 0.000 sec [all/3/rel 0 (0,20)] [video_core] dsds
[Fri Apr  1 11:53:32.472 2011] 0.000 sec [scan/3/rel 0 (0,20)] [video_core] 
[Fri Apr  1 11:56:20.466 2011] 0.000 sec [scan/2/rel 0 (0,20)] [video_core] 
[Fri Apr  1 11:58:09.811 2011] 0.000 sec [scan/2/rel 0 (0,20)] [video_core] 
[Fri Apr  1 12:07:07.031 2011] 0.000 sec [scan/2/rel 0 (0,20)] [video_core] 
[Fri Apr  1 12:22:35.563 2011] 0.000 sec [scan/2/rel 0 (0,20)] [video_core] 
[Fri Apr  1 12:37:16.356 2011] 0.000 sec [scan/2/rel 0 (0,20)] [video_core] 
[Fri Apr  1 13:28:06.601 2011] 0.000 sec [scan/2/rel 2 (0,20)] [video_core] 
[Fri Apr  1 13:28:11.378 2011] 0.000 sec [all/2/rel 0 (0,20)] [video_core] czxczx
[Fri Apr  1 13:30:35.747 2011] 0.000 sec [all/2/rel 0 (0,20)] [video_core] dssds
[Fri Apr  1 13:33:27.230 2011] 0.000 sec [scan/2/rel 2 (0,20)] [video_core] 
[Fri Apr  1 13:33:47.362 2011] 0.000 sec [all/2/rel 0 (0,20)] [video_core] sdf
[Fri Apr  1 21:57:18.864 2011] 0.000 sec [all/2/rel 2 (0,20)] [video_core] 24
[Fri Apr  1 22:06:02.218 2011] 0.000 sec [all/2/rel 2 (0,20)] [video_core] 24
[Fri Apr  1 22:07:14.127 2011] 0.000 sec [all/2/rel 2 (0,20)] [video_core] 24
[Fri Apr  1 22:10:51.540 2011] 0.000 sec [all/2/rel 2 (0,20)] [video_core] 24
[Fri Apr  1 22:11:10.785 2011] 0.000 sec [all/2/rel 2 (0,20)] [video_core] 24 godziny
[Fri Apr  1 22:13:29.654 2011] 0.000 sec [all/2/rel 2 (0,20)] [video_core] 24
[Fri Apr  1 22:14:12.211 2011] 0.000 sec [all/2/rel 2 (0,20)] [video_core] 24
[Fri Apr  1 22:16:51.486 2011] 0.000 sec [all/2/rel 2 (0,20)] [video_core] 24
[Fri Apr  1 22:17:33.862 2011] 0.000 sec [all/2/rel 2 (0,20)] [video_core] 24
[Fri Apr  1 22:18:23.430 2011] 0.000 sec [all/2/rel 2 (0,20)] [video_core] 24
[Fri Apr  1 22:18:55.250 2011] 0.000 sec [all/2/rel 2 (0,20)] [video_core] 24
[Fri Apr  1 22:20:25.830 2011] 0.000 sec [all/2/rel 2 (0,20)] [video_core] 24
[Fri Apr  1 22:23:39.081 2011] 0.000 sec [all/2/rel 2 (0,20)] [video_core] 24
[Fri Apr  1 22:24:11.235 2011] 0.000 sec [all/2/rel 2 (0,20)] [video_core] 24
[Fri Apr  1 22:27:28.975 2011] 0.000 sec [all/2/rel 2 (0,20)] [video_core] 24
[Fri Apr  1 22:28:05.779 2011] 0.000 sec [all/2/rel 2 (0,20)] [video_core] 24
[Fri Apr  1 23:26:56.042 2011] 0.000 sec [scan/2/rel 2 (0,20)] [video_core] 
[Sat Apr  2 11:47:46.207 2011] 0.001 sec [all/2/rel 2 (0,20)] [video_core] 24
[Sat Apr  2 11:48:33.772 2011] 0.000 sec [all/2/rel 2 (0,20)] [video_core] 24
[Sat Apr  2 11:54:00.589 2011] 0.000 sec [all/2/rel 2 (0,20)] [video_core] 24
[Sat Apr  2 11:54:38.236 2011] 0.000 sec [all/2/rel 2 (0,20)] [video_core] 24
[Sat Apr  2 11:54:58.720 2011] 0.000 sec [all/2/rel 0 (0,20)] [video_core] komedia
[Sat Apr  2 11:55:07.872 2011] 0.006 sec [all/2/rel 2 (0,20)] [video_core] 24 godziny
[Sat Apr  2 11:55:48.941 2011] 0.000 sec [all/2/rel 2 (0,20)] [video_core] 24 godziny
[Sat Apr  2 12:17:45.156 2011] 0.000 sec [scan/2/rel 0 (0,20)] [video_core] 
[Sat Apr  2 12:58:09.083 2011] 0.000 sec [all/2/rel 0 (0,20)] [video_core] zając
[Sat Apr  2 12:58:16.687 2011] 0.000 sec [all/2/rel 0 (0,20)] [video_core] królik
[Sat Apr  2 12:58:25.352 2011] 0.000 sec [all/2/rel 1 (0,20)] [video_core] kto
[Sat Apr  2 12:58:32.542 2011] 0.000 sec [all/2/rel 1 (0,20)] [video_core] Zająca
[Sat Apr  2 13:38:53.224 2011] 0.000 sec [all/2/rel 1 (0,20)] [video_core] zająca
[Sun Apr  3 11:10:14.302 2011] 0.025 sec [all/2/rel 2 (0,20)] [video_core] 24
[Fri Apr  8 18:46:15.132 2011] 0.000 sec [scan/2/rel 3 (0,20)] [video_core] 
[Fri Apr  8 18:46:17.220 2011] 0.000 sec [scan/2/rel 3 (0,20)] [video_core] 
[Fri Apr  8 19:13:29.484 2011] 0.000 sec [scan/2/rel 3 (0,20)] [video_core] 
[Thu Apr 14 14:20:53.886 2011] 0.014 sec [scan/2/rel 3 (0,20)] [video_core] 
[Thu Apr 14 14:21:02.947 2011] 0.000 sec [scan/2/rel 3 (0,20)] [video_core] 
[Fri Apr 15 21:27:09.513 2011] 0.077 sec [scan/2/rel 3 (0,20)] [video_core] 
[Fri Apr 15 23:02:06.112 2011] 0.000 sec [scan/2/rel 0 (0,20)] [video_core] 
[Fri Apr 15 23:16:14.149 2011] 0.000 sec [scan/2/rel 0 (0,20)] [video_core] 
[Sat Apr 16 20:07:28.893 2011] 0.014 sec [scan/2/rel 3 (0,20)] [video_core] 
[Sun Apr 17 10:22:52.430 2011] 0.032 sec [scan/2/rel 3 (0,20)] [video_core] 
[Sun Apr 17 10:23:06.372 2011] 0.000 sec [scan/2/rel 3 (0,20)] [video_core] 
[Sun Apr 17 10:23:44.390 2011] 0.000 sec [scan/2/rel 3 (0,20)] [video_core] 
[Sun Apr 17 10:24:14.291 2011] 0.000 sec [scan/2/rel 5 (0,20)] [video_core] 
[Sun Apr 17 23:30:31.534 2011] 0.017 sec [scan/2/rel 0 (0,20)] [video_core] 
[Sun Apr 17 23:36:17.725 2011] 0.000 sec [scan/2/rel 0 (0,20)] [video_core] 
[Mon Apr 18 09:44:08.742 2011] 0.013 sec [scan/2/rel 7 (0,20)] [video_core] 
[Mon Apr 18 10:06:58.219 2011] 0.000 sec [all/2/rel 0 (0,20)] [video_core] tr
[Mon Apr 18 10:07:03.837 2011] 0.000 sec [all/2/rel 0 (0,20)] [video_core] Kr?lik
[Mon Apr 18 10:07:11.088 2011] 0.000 sec [all/2/rel 0 (0,20)] [video_core] jaja
[Mon Apr 18 10:07:16.012 2011] 0.000 sec [all/2/rel 1 (0,20)] [video_core] wielkanoc
[Mon Apr 18 10:07:31.193 2011] 0.000 sec [all/2/attr+ 1 (0,20)] [video_core] wielkanoc
[Mon Apr 18 10:07:33.841 2011] 0.000 sec [all/2/attr+ 1 (0,20)] [video_core] wielkanoc
[Mon Apr 18 10:07:39.350 2011] 0.000 sec [all/2/attr+ 2 (0,20)] [video_core] 24
[Mon Apr 18 10:08:11.024 2011] 0.000 sec [all/2/attr+ 2 (0,20)] [video_core] 24
[Mon Apr 18 10:08:38.524 2011] 0.000 sec [all/2/attr+ 2 (0,20)] [video_core] 24
[Mon Apr 18 10:08:59.550 2011] 0.000 sec [all/3/rel 0 (0,20)] [video_core] 24
[Mon Apr 18 10:09:08.349 2011] 0.000 sec [all/3/rel 2 (0,20)] [video_core] 24
[Mon Apr 18 10:09:36.510 2011] 0.000 sec [ext/2/rel 1 (0,20)] [video_core] @title Kto wrobi?
[Mon Apr 18 10:09:42.661 2011] 0.000 sec [ext/2/rel 0 (0,20)] [video_core] @title bla
[Mon Apr 18 11:27:09.484 2011] 0.000 sec [all/1/rel 0 (0,20)] [*] trele
[Mon Apr 18 11:27:13.229 2011] 0.000 sec [all/1/rel 1 (0,20)] [*] Kto
[Mon Apr 18 12:38:21.505 2011] 0.000 sec [all/2/rel 1 (0,20)] [video_core] wielkanoc
[Mon Apr 18 12:38:27.933 2011] 0.000 sec [all/2/rel 1 (0,20)] [video_core] wielkanoc
[Mon Apr 18 12:38:48.036 2011] 0.000 sec [all/2/rel 1 (0,20)] [video_core] wielkanoc
[Mon Apr 18 12:40:19.757 2011] 0.000 sec [all/2/rel 1 (0,20)] [video_core] *wielkanoc*
[Mon Apr 18 12:52:56.988 2011] 0.000 sec [scan/2/rel 7 (0,20)] [video_core] 
[Mon Apr 18 12:53:09.405 2011] 0.000 sec [all/2/rel 0 (0,20)] [video_core] błażej pluta
[Mon Apr 18 12:53:14.543 2011] 0.000 sec [all/2/rel 0 (0,20)] [video_core] błażej pluta
[Mon Apr 18 12:53:22.071 2011] 0.000 sec [all/2/rel 2 (0,20)] [video_core] 24 godziny
[Mon Apr 18 16:24:58.371 2011] 0.000 sec [scan/3/rel 6 (0,20)] [video_core] 
[Mon Apr 18 16:25:07.623 2011] 0.000 sec [scan/3/rel 0 (0,20)] [video_core] 
[Mon Apr 18 16:25:15.007 2011] 0.000 sec [scan/3/rel 7 (0,20)] [video_core] 
[Mon Apr 18 16:25:26.484 2011] 0.000 sec [scan/3/rel 7 (0,20)] [video_core] 
[Mon Apr 18 16:25:30.410 2011] 0.000 sec [scan/3/rel 7 (0,20)] [video_core] 
[Mon Apr 18 16:25:34.602 2011] 0.000 sec [scan/3/rel 7 (0,20)] [video_core] 
[Mon Apr 18 16:26:27.940 2011] 0.000 sec [scan/3/rel 7 (0,20)] [video_core] 
[Mon Apr 18 16:26:33.978 2011] 0.000 sec [scan/3/rel 7 (0,20)] [video_core] 
[Mon Apr 18 16:27:56.399 2011] 0.000 sec [scan/3/rel 6 (0,20)] [video_core] 
[Mon Apr 18 16:29:14.704 2011] 0.000 sec [scan/3/rel 7 (0,20)] [video_core] 
[Mon Apr 18 16:29:20.525 2011] 0.000 sec [all/3/rel 0 (0,20)] [video_core] mghjhk
[Mon Apr 18 16:29:31.227 2011] 0.000 sec [all/3/rel 0 (0,20)] [video_core] Kto
[Mon Apr 18 16:29:39.963 2011] 0.000 sec [scan/3/rel 2 (0,20)] [video_core] 
[Mon Apr 18 16:31:54.146 2011] 0.000 sec [scan/4/rel 7 (0,20)] [video_core] 
[Mon Apr 18 16:34:01.825 2011] 0.000 sec [scan/4/rel 0 (0,20)] [video_core] 
[Mon Apr 18 16:34:10.853 2011] 0.000 sec [scan/3/rel 0 (0,20)] [video_core] 
[Mon Apr 18 16:34:15.252 2011] 0.000 sec [scan/3/rel 1 (0,20)] [video_core] 
[Mon Apr 18 16:34:19.734 2011] 0.000 sec [scan/3/rel 0 (0,20)] [video_core] 
[Mon Apr 18 16:34:29.363 2011] 0.000 sec [scan/5/rel 0 (0,20)] [video_core] 
[Mon Apr 18 16:34:38.017 2011] 0.000 sec [scan/3/rel 1 (0,20)] [video_core] 
[Mon Apr 18 16:35:11.941 2011] 0.000 sec [scan/3/rel 1 (0,20)] [video_core] 
[Mon Apr 18 16:39:30.514 2011] 0.000 sec [scan/3/rel 0 (0,20)] [video_core] 
[Mon Apr 18 16:39:34.756 2011] 0.000 sec [scan/3/rel 0 (0,20)] [video_core] 
[Mon Apr 18 16:39:39.342 2011] 0.000 sec [scan/3/rel 0 (0,20)] [video_core] 
[Mon Apr 18 16:39:43.192 2011] 0.000 sec [scan/3/rel 0 (0,20)] [video_core] 
[Mon Apr 18 16:40:29.838 2011] 0.000 sec [scan/3/rel 1 (0,20)] [video_core] 
[Mon Apr 18 16:40:36.316 2011] 0.000 sec [scan/3/rel 0 (0,20)] [video_core] 
[Mon Apr 18 16:40:37.967 2011] 0.000 sec [scan/2/rel 7 (0,20)] [video_core] 
[Mon Apr 18 16:40:42.311 2011] 0.000 sec [scan/3/rel 0 (0,20)] [video_core] 
[Mon Apr 18 16:40:47.458 2011] 0.000 sec [scan/3/rel 1 (0,20)] [video_core] 
[Mon Apr 18 16:41:07.800 2011] 0.000 sec [scan/3/rel 1 (0,20)] [video_core] 
[Mon Apr 18 16:45:13.308 2011] 0.000 sec [scan/3/rel 7 (0,20)] [video_core] 
[Mon Apr 18 16:45:19.186 2011] 0.000 sec [scan/3/rel 0 (0,20)] [video_core] 
[Mon Apr 18 16:45:23.099 2011] 0.000 sec [scan/3/rel 0 (0,20)] [video_core] 
[Mon Apr 18 16:45:28.057 2011] 0.000 sec [scan/4/rel 4 (0,20)] [video_core] 
[Tue Apr 19 18:51:35.417 2011] 0.025 sec [all/4/rel 0 (0,20)] [video_core] 24 godziny
[Tue Apr 19 18:51:42.189 2011] 0.000 sec [scan/3/rel 6 (0,20)] [video_core] 
[Tue Apr 19 18:52:33.593 2011] 0.000 sec [scan/3/rel 6 (0,20)] [video_core] 
